<?xml version="1.0" encoding="UTF-8"?>
<!-- Generated by org.testng.reporters.JUnitReportReporter -->
<testsuite hostname="HP-Notebook" failures="0" tests="1" name="com.coursera.test.SearchTest" time="13.495" errors="0" timestamp="28 May 2020 11:13:48 GMT">
  <testcase classname="com.coursera.test.SearchTest" name="search" time="13.495"/>
</testsuite> <!-- com.coursera.test.SearchTest -->
