<?xml version="1.0" encoding="UTF-8"?>
<!-- Generated by org.testng.reporters.JUnitReportReporter -->
<testsuite hostname="HP-Notebook" failures="0" tests="1" name="com.coursera.test.AppTest" time="22.867" errors="0" timestamp="26 May 2020 11:55:17 GMT">
  <testcase classname="com.coursera.test.AppTest" name="shouldAnswerWithTrue" time="22.867"/>
</testsuite> <!-- com.coursera.test.AppTest -->
